<?xml version="1.0" encoding="UTF-8"?>
<testng-results ignored="0" total="2" passed="2" failed="0" skipped="0">
  <reporter-output>
  </reporter-output>
  <suite started-at="2022-07-18T20:36:05 IST" name="Default suite" finished-at="2022-07-18T20:36:48 IST" duration-ms="43725">
    <groups>
      <group name="cucumber">
        <method signature="AbstractTestNGCucumberTests.runScenario(io.cucumber.testng.PickleWrapper,io.cucumber.testng.FeatureWrapper)[pri:0, instance:cucumberOptions.testNG_TestRunner@3c9754d8]" name="runScenario" class="io.cucumber.testng.AbstractTestNGCucumberTests"/>
      </group> <!-- cucumber -->
    </groups>
    <test started-at="2022-07-18T20:36:05 IST" name="Default test" finished-at="2022-07-18T20:36:48 IST" duration-ms="43725">
      <class name="cucumberOptions.testNG_TestRunner">
        <test-method is-config="true" signature="setUpClass(org.testng.ITestContext)[pri:0, instance:cucumberOptions.testNG_TestRunner@3c9754d8]" started-at="2022-07-18T20:36:05 IST" name="setUpClass" finished-at="2022-07-18T20:36:06 IST" duration-ms="1236" status="PASS">
          <params>
            <param index="0">
              <value>
                <![CDATA[org.testng.TestRunner@786a3477]]>
              </value>
            </param>
          </params>
          <reporter-output>
          </reporter-output>
        </test-method> <!-- setUpClass -->
        <test-method signature="runScenario(io.cucumber.testng.PickleWrapper,io.cucumber.testng.FeatureWrapper)[pri:0, instance:cucumberOptions.testNG_TestRunner@3c9754d8]" started-at="2022-07-18T20:36:06 IST" name="runScenario" description="Runs Cucumber Scenarios" data-provider="scenarios" finished-at="2022-07-18T20:36:31 IST" duration-ms="25333" status="PASS">
          <params>
            <param index="0">
              <value>
                <![CDATA["validating the upload file by RoboClass MEthod"]]>
              </value>
            </param>
            <param index="1">
              <value>
                <![CDATA["I want to check the Upload file Functionality"]]>
              </value>
            </param>
          </params>
          <reporter-output>
          </reporter-output>
        </test-method> <!-- runScenario -->
        <test-method signature="runScenario(io.cucumber.testng.PickleWrapper,io.cucumber.testng.FeatureWrapper)[pri:0, instance:cucumberOptions.testNG_TestRunner@3c9754d8]" started-at="2022-07-18T20:36:31 IST" name="runScenario" description="Runs Cucumber Scenarios" data-provider="scenarios" finished-at="2022-07-18T20:36:47 IST" duration-ms="16192" status="PASS">
          <params>
            <param index="0">
              <value>
                <![CDATA["validating the upload file by SendKeys method"]]>
              </value>
            </param>
            <param index="1">
              <value>
                <![CDATA["I want to check the Upload file Functionality"]]>
              </value>
            </param>
          </params>
          <reporter-output>
          </reporter-output>
        </test-method> <!-- runScenario -->
        <test-method is-config="true" signature="tearDownClass()[pri:0, instance:cucumberOptions.testNG_TestRunner@3c9754d8]" started-at="2022-07-18T20:36:47 IST" name="tearDownClass" finished-at="2022-07-18T20:36:48 IST" duration-ms="886" status="PASS">
          <reporter-output>
          </reporter-output>
        </test-method> <!-- tearDownClass -->
      </class> <!-- cucumberOptions.testNG_TestRunner -->
    </test> <!-- Default test -->
  </suite> <!-- Default suite -->
</testng-results>
